# JRE version: OpenJDK Runtime Environment Temurin-17.0.5+8 (17.0.5+8) (build 17.0.5+8)
# Java VM: OpenJDK 64-Bit Server VM Temurin-17.0.5+8 (17.0.5+8, mixed mode, tiered, compressed oops, compressed class ptrs, parallel gc, windows-amd64)
GC Precious Log:
 CPUs: 4 total, 4 available
 Memory: 12166M
 Large Page Support: Disabled
 NUMA Support: Disabled
 Compressed Oops: Enabled (32-bit)
 Alignments: Space 512K, Generation 512K, Heap 2M
 Heap Min Capacity: 100M
 Heap Initial Capacity: 100M
 Heap Max Capacity: 1G
 Pre-touch: Disabled
 Parallel Workers: 4
Heap:
 PSYoungGen      total 22016K, used 128K [0x00000000eab00000, 0x00000000ec280000, 0x0000000100000000)
  eden space 21504K, 0% used [0x00000000eab00000,0x00000000eab00000,0x00000000ec000000)
  from space 512K, 25% used [0x00000000ec200000,0x00000000ec220000,0x00000000ec280000)
  to   space 1024K, 0% used [0x00000000ec080000,0x00000000ec080000,0x00000000ec180000)
 ParOldGen       total 68608K, used 46287K [0x00000000c0000000, 0x00000000c4300000, 0x00000000eab00000)
  object space 68608K, 67% used [0x00000000c0000000,0x00000000c2d33c28,0x00000000c4300000)
 Metaspace       used 58779K, committed 59776K, reserved 1105920K
  class space    used 6197K, committed 6656K, reserved 1048576K
GC Heap History (20 events):
Event: 23.679 GC heap after
{Heap after GC invocations=25 (full 2):
 PSYoungGen      total 24576K, used 2976K [0x00000000eab00000, 0x00000000ec600000, 0x0000000100000000)
  eden space 21504K, 0% used [0x00000000eab00000,0x00000000eab00000,0x00000000ec000000)
  from space 3072K, 96% used [0x00000000ec000000,0x00000000ec2e8000,0x00000000ec300000)
  to   space 3072K, 0% used [0x00000000ec300000,0x00000000ec300000,0x00000000ec600000)
 ParOldGen       total 68608K, used 35478K [0x00000000c0000000, 0x00000000c4300000, 0x00000000eab00000)
  object space 68608K, 51% used [0x00000000c0000000,0x00000000c22a5b00,0x00000000c4300000)
 Metaspace       used 51187K, committed 52224K, reserved 1097728K
  class space    used 5451K, committed 5952K, reserved 1048576K
}
Event: 24.446 GC heap before
{Heap before GC invocations=26 (full 2):
 PSYoungGen      total 24576K, used 24480K [0x00000000eab00000, 0x00000000ec600000, 0x0000000100000000)
  eden space 21504K, 100% used [0x00000000eab00000,0x00000000ec000000,0x00000000ec000000)
  from space 3072K, 96% used [0x00000000ec000000,0x00000000ec2e8000,0x00000000ec300000)
  to   space 3072K, 0% used [0x00000000ec300000,0x00000000ec300000,0x00000000ec600000)
 ParOldGen       total 68608K, used 35478K [0x00000000c0000000, 0x00000000c4300000, 0x00000000eab00000)
  object space 68608K, 51% used [0x00000000c0000000,0x00000000c22a5b00,0x00000000c4300000)
 Metaspace       used 51399K, committed 52416K, reserved 1097728K
  class space    used 5454K, committed 5952K, reserved 1048576K
}
Event: 24.455 GC heap after
{Heap after GC invocations=26 (full 2):
 PSYoungGen      total 24576K, used 2592K [0x00000000eab00000, 0x00000000ec600000, 0x0000000100000000)
  eden space 21504K, 0% used [0x00000000eab00000,0x00000000eab00000,0x00000000ec000000)
  from space 3072K, 84% used [0x00000000ec300000,0x00000000ec588020,0x00000000ec600000)
  to   space 3072K, 0% used [0x00000000ec000000,0x00000000ec000000,0x00000000ec300000)
 ParOldGen       total 68608K, used 38346K [0x00000000c0000000, 0x00000000c4300000, 0x00000000eab00000)
  object space 68608K, 55% used [0x00000000c0000000,0x00000000c2572860,0x00000000c4300000)
 Metaspace       used 51399K, committed 52416K, reserved 1097728K
  class space    used 5454K, committed 5952K, reserved 1048576K
}
Event: 25.707 GC heap before
{Heap before GC invocations=27 (full 2):
 PSYoungGen      total 24576K, used 24096K [0x00000000eab00000, 0x00000000ec600000, 0x0000000100000000)
  eden space 21504K, 100% used [0x00000000eab00000,0x00000000ec000000,0x00000000ec000000)
  from space 3072K, 84% used [0x00000000ec300000,0x00000000ec588020,0x00000000ec600000)
  to   space 3072K, 0% used [0x00000000ec000000,0x00000000ec000000,0x00000000ec300000)
 ParOldGen       total 68608K, used 38346K [0x00000000c0000000, 0x00000000c4300000, 0x00000000eab00000)
  object space 68608K, 55% used [0x00000000c0000000,0x00000000c2572860,0x00000000c4300000)
 Metaspace       used 52036K, committed 53120K, reserved 1097728K
  class space    used 5519K, committed 6016K, reserved 1048576K
}
Event: 25.715 GC heap after
{Heap after GC invocations=27 (full 2):
 PSYoungGen      total 23552K, used 1824K [0x00000000eab00000, 0x00000000ec500000, 0x0000000100000000)
  eden space 21504K, 0% used [0x00000000eab00000,0x00000000eab00000,0x00000000ec000000)
  from space 2048K, 89% used [0x00000000ec000000,0x00000000ec1c8000,0x00000000ec200000)
  to   space 2560K, 0% used [0x00000000ec280000,0x00000000ec280000,0x00000000ec500000)
 ParOldGen       total 68608K, used 40821K [0x00000000c0000000, 0x00000000c4300000, 0x00000000eab00000)
  object space 68608K, 59% used [0x00000000c0000000,0x00000000c27dd5c0,0x00000000c4300000)
 Metaspace       used 52036K, committed 53120K, reserved 1097728K
  class space    used 5519K, committed 6016K, reserved 1048576K
}
Event: 26.621 GC heap before
{Heap before GC invocations=28 (full 2):
 PSYoungGen      total 23552K, used 23328K [0x00000000eab00000, 0x00000000ec500000, 0x0000000100000000)
  eden space 21504K, 100% used [0x00000000eab00000,0x00000000ec000000,0x00000000ec000000)
  from space 2048K, 89% used [0x00000000ec000000,0x00000000ec1c8000,0x00000000ec200000)
  to   space 2560K, 0% used [0x00000000ec280000,0x00000000ec280000,0x00000000ec500000)
 ParOldGen       total 68608K, used 40821K [0x00000000c0000000, 0x00000000c4300000, 0x00000000eab00000)
  object space 68608K, 59% used [0x00000000c0000000,0x00000000c27dd5c0,0x00000000c4300000)
 Metaspace       used 52486K, committed 53440K, reserved 1097728K
  class space    used 5558K, committed 6016K, reserved 1048576K
}
Event: 26.626 GC heap after
{Heap after GC invocations=28 (full 2):
 PSYoungGen      total 23040K, used 1287K [0x00000000eab00000, 0x00000000ec400000, 0x0000000100000000)
  eden space 21504K, 0% used [0x00000000eab00000,0x00000000eab00000,0x00000000ec000000)
  from space 1536K, 83% used [0x00000000ec280000,0x00000000ec3c1ff8,0x00000000ec400000)
  to   space 2048K, 0% used [0x00000000ec000000,0x00000000ec000000,0x00000000ec200000)
 ParOldGen       total 68608K, used 42537K [0x00000000c0000000, 0x00000000c4300000, 0x00000000eab00000)
  object space 68608K, 62% used [0x00000000c0000000,0x00000000c298a5d0,0x00000000c4300000)
 Metaspace       used 52486K, committed 53440K, reserved 1097728K
  class space    used 5558K, committed 6016K, reserved 1048576K
}
Event: 27.519 GC heap before
{Heap before GC invocations=29 (full 2):
 PSYoungGen      total 23040K, used 22791K [0x00000000eab00000, 0x00000000ec400000, 0x0000000100000000)
  eden space 21504K, 100% used [0x00000000eab00000,0x00000000ec000000,0x00000000ec000000)
  from space 1536K, 83% used [0x00000000ec280000,0x00000000ec3c1ff8,0x00000000ec400000)
  to   space 2048K, 0% used [0x00000000ec000000,0x00000000ec000000,0x00000000ec200000)
 ParOldGen       total 68608K, used 42537K [0x00000000c0000000, 0x00000000c4300000, 0x00000000eab00000)
  object space 68608K, 62% used [0x00000000c0000000,0x00000000c298a5d0,0x00000000c4300000)
 Metaspace       used 53113K, committed 54144K, reserved 1097728K
  class space    used 5612K, committed 6080K, reserved 1048576K
}
Event: 27.523 GC heap after
{Heap after GC invocations=29 (full 2):
 PSYoungGen      total 23552K, used 448K [0x00000000eab00000, 0x00000000ec300000, 0x0000000100000000)
  eden space 21504K, 0% used [0x00000000eab00000,0x00000000eab00000,0x00000000ec000000)
  from space 2048K, 21% used [0x00000000ec000000,0x00000000ec070000,0x00000000ec200000)
  to   space 1024K, 0% used [0x00000000ec200000,0x00000000ec200000,0x00000000ec300000)
 ParOldGen       total 68608K, used 43759K [0x00000000c0000000, 0x00000000c4300000, 0x00000000eab00000)
  object space 68608K, 63% used [0x00000000c0000000,0x00000000c2abbec8,0x00000000c4300000)
 Metaspace       used 53113K, committed 54144K, reserved 1097728K
  class space    used 5612K, committed 6080K, reserved 1048576K
}
Event: 28.377 GC heap before
{Heap before GC invocations=30 (full 2):
 PSYoungGen      total 23552K, used 21952K [0x00000000eab00000, 0x00000000ec300000, 0x0000000100000000)
  eden space 21504K, 100% used [0x00000000eab00000,0x00000000ec000000,0x00000000ec000000)
  from space 2048K, 21% used [0x00000000ec000000,0x00000000ec070000,0x00000000ec200000)
  to   space 1024K, 0% used [0x00000000ec200000,0x00000000ec200000,0x00000000ec300000)
 ParOldGen       total 68608K, used 43759K [0x00000000c0000000, 0x00000000c4300000, 0x00000000eab00000)
  object space 68608K, 63% used [0x00000000c0000000,0x00000000c2abbec8,0x00000000c4300000)
 Metaspace       used 54136K, committed 55168K, reserved 1097728K
  class space    used 5735K, committed 6208K, reserved 1048576K
}
Event: 28.387 GC heap after
{Heap after GC invocations=30 (full 2):
 PSYoungGen      total 22528K, used 995K [0x00000000eab00000, 0x00000000ec400000, 0x0000000100000000)
  eden space 21504K, 0% used [0x00000000eab00000,0x00000000eab00000,0x00000000ec000000)
  from space 1024K, 97% used [0x00000000ec200000,0x00000000ec2f8e00,0x00000000ec300000)
  to   space 2048K, 0% used [0x00000000ec000000,0x00000000ec000000,0x00000000ec200000)
 ParOldGen       total 68608K, used 44395K [0x00000000c0000000, 0x00000000c4300000, 0x00000000eab00000)
  object space 68608K, 64% used [0x00000000c0000000,0x00000000c2b5af98,0x00000000c4300000)
 Metaspace       used 54136K, committed 55168K, reserved 1097728K
  class space    used 5735K, committed 6208K, reserved 1048576K
}
Event: 29.166 GC heap before
{Heap before GC invocations=31 (full 2):
 PSYoungGen      total 22528K, used 22499K [0x00000000eab00000, 0x00000000ec400000, 0x0000000100000000)
  eden space 21504K, 100% used [0x00000000eab00000,0x00000000ec000000,0x00000000ec000000)
  from space 1024K, 97% used [0x00000000ec200000,0x00000000ec2f8e00,0x00000000ec300000)
  to   space 2048K, 0% used [0x00000000ec000000,0x00000000ec000000,0x00000000ec200000)
 ParOldGen       total 68608K, used 44395K [0x00000000c0000000, 0x00000000c4300000, 0x00000000eab00000)
  object space 68608K, 64% used [0x00000000c0000000,0x00000000c2b5af98,0x00000000c4300000)
 Metaspace       used 55058K, committed 56064K, reserved 1105920K
  class space    used 5826K, committed 6272K, reserved 1048576K
}
Event: 29.167 GC heap after
{Heap after GC invocations=31 (full 2):
 PSYoungGen      total 22016K, used 96K [0x00000000eab00000, 0x00000000ec280000, 0x0000000100000000)
  eden space 21504K, 0% used [0x00000000eab00000,0x00000000eab00000,0x00000000ec000000)
  from space 512K, 18% used [0x00000000ec000000,0x00000000ec018000,0x00000000ec080000)
  to   space 1024K, 0% used [0x00000000ec180000,0x00000000ec180000,0x00000000ec280000)
 ParOldGen       total 68608K, used 44651K [0x00000000c0000000, 0x00000000c4300000, 0x00000000eab00000)
  object space 68608K, 65% used [0x00000000c0000000,0x00000000c2b9af98,0x00000000c4300000)
 Metaspace       used 55058K, committed 56064K, reserved 1105920K
  class space    used 5826K, committed 6272K, reserved 1048576K
}
Event: 30.821 GC heap before
{Heap before GC invocations=32 (full 2):
 PSYoungGen      total 22016K, used 21600K [0x00000000eab00000, 0x00000000ec280000, 0x0000000100000000)
  eden space 21504K, 100% used [0x00000000eab00000,0x00000000ec000000,0x00000000ec000000)
  from space 512K, 18% used [0x00000000ec000000,0x00000000ec018000,0x00000000ec080000)
  to   space 1024K, 0% used [0x00000000ec180000,0x00000000ec180000,0x00000000ec280000)
 ParOldGen       total 68608K, used 44651K [0x00000000c0000000, 0x00000000c4300000, 0x00000000eab00000)
  object space 68608K, 65% used [0x00000000c0000000,0x00000000c2b9af98,0x00000000c4300000)
 Metaspace       used 56586K, committed 57600K, reserved 1105920K
  class space    used 5971K, committed 6400K, reserved 1048576K
}
Event: 30.823 GC heap after
{Heap after GC invocations=32 (full 2):
 PSYoungGen      total 22016K, used 352K [0x00000000eab00000, 0x00000000ec200000, 0x0000000100000000)
  eden space 21504K, 0% used [0x00000000eab00000,0x00000000eab00000,0x00000000ec000000)
  from space 512K, 68% used [0x00000000ec180000,0x00000000ec1d8000,0x00000000ec200000)
  to   space 512K, 0% used [0x00000000ec000000,0x00000000ec000000,0x00000000ec080000)
 ParOldGen       total 68608K, used 44691K [0x00000000c0000000, 0x00000000c4300000, 0x00000000eab00000)
  object space 68608K, 65% used [0x00000000c0000000,0x00000000c2ba4f98,0x00000000c4300000)
 Metaspace       used 56586K, committed 57600K, reserved 1105920K
  class space    used 5971K, committed 6400K, reserved 1048576K
}
Event: 33.695 GC heap before
{Heap before GC invocations=33 (full 2):
 PSYoungGen      total 22016K, used 21856K [0x00000000eab00000, 0x00000000ec200000, 0x0000000100000000)
  eden space 21504K, 100% used [0x00000000eab00000,0x00000000ec000000,0x00000000ec000000)
  from space 512K, 68% used [0x00000000ec180000,0x00000000ec1d8000,0x00000000ec200000)
  to   space 512K, 0% used [0x00000000ec000000,0x00000000ec000000,0x00000000ec080000)
 ParOldGen       total 68608K, used 44691K [0x00000000c0000000, 0x00000000c4300000, 0x00000000eab00000)
  object space 68608K, 65% used [0x00000000c0000000,0x00000000c2ba4f98,0x00000000c4300000)
 Metaspace       used 58742K, committed 59776K, reserved 1105920K
  class space    used 6195K, committed 6656K, reserved 1048576K
}
Event: 33.699 GC heap after
{Heap after GC invocations=33 (full 2):
 PSYoungGen      total 22016K, used 503K [0x00000000eab00000, 0x00000000ec400000, 0x0000000100000000)
  eden space 21504K, 0% used [0x00000000eab00000,0x00000000eab00000,0x00000000ec000000)
  from space 512K, 98% used [0x00000000ec000000,0x00000000ec07df50,0x00000000ec080000)
  to   space 2048K, 0% used [0x00000000ec200000,0x00000000ec200000,0x00000000ec400000)
 ParOldGen       total 68608K, used 45824K [0x00000000c0000000, 0x00000000c4300000, 0x00000000eab00000)
  object space 68608K, 66% used [0x00000000c0000000,0x00000000c2cc03e0,0x00000000c4300000)
 Metaspace       used 58742K, committed 59776K, reserved 1105920K
  class space    used 6195K, committed 6656K, reserved 1048576K
}
Event: 321.335 GC heap before
{Heap before GC invocations=34 (full 2):
 PSYoungGen      total 22016K, used 2702K [0x00000000eab00000, 0x00000000ec400000, 0x0000000100000000)
  eden space 21504K, 10% used [0x00000000eab00000,0x00000000ead25a20,0x00000000ec000000)
  from space 512K, 98% used [0x00000000ec000000,0x00000000ec07df50,0x00000000ec080000)
  to   space 2048K, 0% used [0x00000000ec200000,0x00000000ec200000,0x00000000ec400000)
 ParOldGen       total 68608K, used 45824K [0x00000000c0000000, 0x00000000c4300000, 0x00000000eab00000)
  object space 68608K, 66% used [0x00000000c0000000,0x00000000c2cc03e0,0x00000000c4300000)
 Metaspace       used 58779K, committed 59776K, reserved 1105920K
  class space    used 6197K, committed 6656K, reserved 1048576K
}
Event: 321.340 GC heap after
{Heap after GC invocations=34 (full 2):
 PSYoungGen      total 22016K, used 128K [0x00000000eab00000, 0x00000000ec280000, 0x0000000100000000)
  eden space 21504K, 0% used [0x00000000eab00000,0x00000000eab00000,0x00000000ec000000)
  from space 512K, 25% used [0x00000000ec200000,0x00000000ec220000,0x00000000ec280000)
  to   space 1024K, 0% used [0x00000000ec080000,0x00000000ec080000,0x00000000ec180000)
 ParOldGen       total 68608K, used 46287K [0x00000000c0000000, 0x00000000c4300000, 0x00000000eab00000)
  object space 68608K, 67% used [0x00000000c0000000,0x00000000c2d33c28,0x00000000c4300000)
 Metaspace       used 58779K, committed 59776K, reserved 1105920K
  class space    used 6197K, committed 6656K, reserved 1048576K
}
Event: 321.340 GC heap before
{Heap before GC invocations=35 (full 3):
 PSYoungGen      total 22016K, used 128K [0x00000000eab00000, 0x00000000ec280000, 0x0000000100000000)
  eden space 21504K, 0% used [0x00000000eab00000,0x00000000eab00000,0x00000000ec000000)
  from space 512K, 25% used [0x00000000ec200000,0x00000000ec220000,0x00000000ec280000)
  to   space 1024K, 0% used [0x00000000ec080000,0x00000000ec080000,0x00000000ec180000)
 ParOldGen       total 68608K, used 46287K [0x00000000c0000000, 0x00000000c4300000, 0x00000000eab00000)
  object space 68608K, 67% used [0x00000000c0000000,0x00000000c2d33c28,0x00000000c4300000)
 Metaspace       used 58779K, committed 59776K, reserved 1105920K
  class space    used 6197K, committed 6656K, reserved 1048576K
}

